<?xml version="1.0" encoding="UTF-8"?>
<testsuite name="org.testcontainers.localStackmodule.PocTestContainerApplicationTests" tests="1" skipped="0" failures="0" errors="0" timestamp="2022-04-04T02:35:28" hostname="Andersons-MacBook-Air.local" time="0.162">
  <properties/>
  <testcase name="contextLoads()" classname="org.testcontainers.localStackmodule.PocTestContainerApplicationTests" time="0.162"/>
  <system-out><![CDATA[23:35:27.909 [Test worker] DEBUG org.springframework.test.context.BootstrapUtils - Instantiating CacheAwareContextLoaderDelegate from class [org.springframework.test.context.cache.DefaultCacheAwareContextLoaderDelegate]
23:35:27.914 [Test worker] DEBUG org.springframework.test.context.BootstrapUtils - Instantiating BootstrapContext using constructor [public org.springframework.test.context.support.DefaultBootstrapContext(java.lang.Class,org.springframework.test.context.CacheAwareContextLoaderDelegate)]
23:35:27.928 [Test worker] DEBUG org.springframework.test.context.BootstrapUtils - Instantiating TestContextBootstrapper for test class [org.testcontainers.localStackmodule.PocTestContainerApplicationTests] from class [org.springframework.boot.test.context.SpringBootTestContextBootstrapper]
23:35:27.933 [Test worker] INFO org.springframework.boot.test.context.SpringBootTestContextBootstrapper - Neither @ContextConfiguration nor @ContextHierarchy found for test class [org.testcontainers.localStackmodule.PocTestContainerApplicationTests], using SpringBootContextLoader
23:35:27.935 [Test worker] DEBUG org.springframework.test.context.support.AbstractContextLoader - Did not detect default resource location for test class [org.testcontainers.localStackmodule.PocTestContainerApplicationTests]: class path resource [org/testcontainers/localStackmodule/PocTestContainerApplicationTests-context.xml] does not exist
23:35:27.935 [Test worker] DEBUG org.springframework.test.context.support.AbstractContextLoader - Did not detect default resource location for test class [org.testcontainers.localStackmodule.PocTestContainerApplicationTests]: class path resource [org/testcontainers/localStackmodule/PocTestContainerApplicationTestsContext.groovy] does not exist
23:35:27.935 [Test worker] INFO org.springframework.test.context.support.AbstractContextLoader - Could not detect default resource locations for test class [org.testcontainers.localStackmodule.PocTestContainerApplicationTests]: no resource found for suffixes {-context.xml, Context.groovy}.
23:35:27.935 [Test worker] INFO org.springframework.test.context.support.AnnotationConfigContextLoaderUtils - Could not detect default configuration classes for test class [org.testcontainers.localStackmodule.PocTestContainerApplicationTests]: PocTestContainerApplicationTests does not declare any static, non-private, non-final, nested classes annotated with @Configuration.
23:35:27.952 [Test worker] DEBUG org.springframework.test.context.support.ActiveProfilesUtils - Could not find an 'annotation declaring class' for annotation type [org.springframework.test.context.ActiveProfiles] and class [org.testcontainers.localStackmodule.PocTestContainerApplicationTests]
23:35:27.974 [Test worker] DEBUG org.springframework.context.annotation.ClassPathScanningCandidateComponentProvider - Identified candidate component class: file [/Users/bastos/Workspace/poc-testcontainer/build/classes/kotlin/main/org/testcontainers/localStackmodule/PocTestContainerApplication.class]
23:35:27.974 [Test worker] INFO org.springframework.boot.test.context.SpringBootTestContextBootstrapper - Found @SpringBootConfiguration org.testcontainers.localStackmodule.PocTestContainerApplication for test class org.testcontainers.localStackmodule.PocTestContainerApplicationTests
23:35:28.014 [Test worker] DEBUG org.springframework.boot.test.context.SpringBootTestContextBootstrapper - @TestExecutionListeners is not present for class [org.testcontainers.localStackmodule.PocTestContainerApplicationTests]: using defaults.
23:35:28.014 [Test worker] INFO org.springframework.boot.test.context.SpringBootTestContextBootstrapper - Loaded default TestExecutionListener class names from location [META-INF/spring.factories]: [org.springframework.boot.test.autoconfigure.restdocs.RestDocsTestExecutionListener, org.springframework.boot.test.autoconfigure.web.client.MockRestServiceServerResetTestExecutionListener, org.springframework.boot.test.autoconfigure.web.servlet.MockMvcPrintOnlyOnFailureTestExecutionListener, org.springframework.boot.test.autoconfigure.web.servlet.WebDriverTestExecutionListener, org.springframework.boot.test.autoconfigure.webservices.client.MockWebServiceServerTestExecutionListener, org.springframework.boot.test.mock.mockito.MockitoTestExecutionListener, org.springframework.boot.test.mock.mockito.ResetMocksTestExecutionListener, org.springframework.test.context.web.ServletTestExecutionListener, org.springframework.test.context.support.DirtiesContextBeforeModesTestExecutionListener, org.springframework.test.context.event.ApplicationEventsTestExecutionListener, org.springframework.test.context.support.DependencyInjectionTestExecutionListener, org.springframework.test.context.support.DirtiesContextTestExecutionListener, org.springframework.test.context.transaction.TransactionalTestExecutionListener, org.springframework.test.context.jdbc.SqlScriptsTestExecutionListener, org.springframework.test.context.event.EventPublishingTestExecutionListener]
23:35:28.021 [Test worker] DEBUG org.springframework.boot.test.context.SpringBootTestContextBootstrapper - Skipping candidate TestExecutionListener [org.springframework.test.context.transaction.TransactionalTestExecutionListener] due to a missing dependency. Specify custom listener classes or make the default listener classes and their required dependencies available. Offending class: [org/springframework/transaction/interceptor/TransactionAttributeSource]
23:35:28.021 [Test worker] DEBUG org.springframework.boot.test.context.SpringBootTestContextBootstrapper - Skipping candidate TestExecutionListener [org.springframework.test.context.jdbc.SqlScriptsTestExecutionListener] due to a missing dependency. Specify custom listener classes or make the default listener classes and their required dependencies available. Offending class: [org/springframework/transaction/interceptor/TransactionAttribute]
23:35:28.021 [Test worker] INFO org.springframework.boot.test.context.SpringBootTestContextBootstrapper - Using TestExecutionListeners: [org.springframework.test.context.web.ServletTestExecutionListener@83298d7, org.springframework.test.context.support.DirtiesContextBeforeModesTestExecutionListener@42a9e5d1, org.springframework.test.context.event.ApplicationEventsTestExecutionListener@5b080f3a, org.springframework.boot.test.mock.mockito.MockitoTestExecutionListener@773cbf4f, org.springframework.boot.test.autoconfigure.SpringBootDependencyInjectionTestExecutionListener@6b54655f, org.springframework.test.context.support.DirtiesContextTestExecutionListener@665e9289, org.springframework.test.context.event.EventPublishingTestExecutionListener@7d3430a7, org.springframework.boot.test.autoconfigure.restdocs.RestDocsTestExecutionListener@6f603e89, org.springframework.boot.test.autoconfigure.web.client.MockRestServiceServerResetTestExecutionListener@2756c0a7, org.springframework.boot.test.autoconfigure.web.servlet.MockMvcPrintOnlyOnFailureTestExecutionListener@350ec41e, org.springframework.boot.test.autoconfigure.web.servlet.WebDriverTestExecutionListener@69637b10, org.springframework.boot.test.autoconfigure.webservices.client.MockWebServiceServerTestExecutionListener@71984c3, org.springframework.boot.test.mock.mockito.ResetMocksTestExecutionListener@165b2f7f]
23:35:28.022 [Test worker] DEBUG org.springframework.test.context.support.AbstractDirtiesContextTestExecutionListener - Before test class: context [DefaultTestContext@e260766 testClass = PocTestContainerApplicationTests, testInstance = [null], testMethod = [null], testException = [null], mergedContextConfiguration = [WebMergedContextConfiguration@2c3dec30 testClass = PocTestContainerApplicationTests, locations = '{}', classes = '{class org.testcontainers.localStackmodule.PocTestContainerApplication}', contextInitializerClasses = '[]', activeProfiles = '{}', propertySourceLocations = '{}', propertySourceProperties = '{org.springframework.boot.test.context.SpringBootTestContextBootstrapper=true}', contextCustomizers = set[org.springframework.boot.test.autoconfigure.actuate.metrics.MetricsExportContextCustomizerFactory$DisableMetricExportContextCustomizer@59a008ba, org.springframework.boot.test.autoconfigure.properties.PropertyMappingContextCustomizer@0, org.springframework.boot.test.autoconfigure.web.servlet.WebDriverContextCustomizerFactory$Customizer@8576fa0, org.springframework.boot.test.context.filter.ExcludeFilterContextCustomizer@3daf7722, org.springframework.boot.test.json.DuplicateJsonObjectContextCustomizerFactory$DuplicateJsonObjectContextCustomizer@146dfe6, org.springframework.boot.test.mock.mockito.MockitoContextCustomizer@0, org.springframework.boot.test.web.client.TestRestTemplateContextCustomizer@e383572, org.springframework.boot.test.context.SpringBootTestArgs@1, org.springframework.boot.test.context.SpringBootTestWebEnvironment@313b2ea6], resourceBasePath = 'src/main/webapp', contextLoader = 'org.springframework.boot.test.context.SpringBootContextLoader', parent = [null]], attributes = map['org.springframework.test.context.web.ServletTestExecutionListener.activateListener' -> true]], class annotated with @DirtiesContext [false] with mode [null].

  .   ____          _            __ _ _
 /\\ / ___'_ __ _ _(_)_ __  __ _ \ \ \ \
( ( )\___ | '_ | '_| | '_ \/ _` | \ \ \ \
 \\/  ___)| |_)| | | | | || (_| |  ) ) ) )
  '  |____| .__|_| |_|_| |_\__, | / / / /
 =========|_|==============|___/=/_/_/_/
 :: Spring Boot ::                (v2.6.6)

2022-04-03 23:35:28.127  INFO 2814 --- [    Test worker] o.t.l.PocTestContainerApplicationTests   : Starting PocTestContainerApplicationTests using Java 17.0.2 on Andersons-MacBook-Air.local with PID 2814 (started by bastos in /Users/bastos/Workspace/poc-testcontainer)
2022-04-03 23:35:28.128  INFO 2814 --- [    Test worker] o.t.l.PocTestContainerApplicationTests   : No active profile set, falling back to 1 default profile: "default"
2022-04-03 23:35:28.618  INFO 2814 --- [    Test worker] o.t.l.PocTestContainerApplicationTests   : Started PocTestContainerApplicationTests in 0.582 seconds (JVM running for 1.024)
]]></system-out>
  <system-err><![CDATA[]]></system-err>
</testsuite>
