<?xml version="1.0" encoding="UTF-8"?>
<testsuite name="org.testcontainers.localStackmodule.QueueServiceTest" tests="1" skipped="0" failures="0" errors="0" timestamp="2022-04-04T02:35:33" hostname="Andersons-MacBook-Air.local" time="0.276">
  <properties/>
  <testcase name="Should subscribe and publish a test message()" classname="org.testcontainers.localStackmodule.QueueServiceTest" time="0.276"/>
  <system-out><![CDATA[2022-04-03 23:35:28.823  INFO 2814 --- [    Test worker] o.t.d.DockerClientProviderStrategy       : Loaded org.testcontainers.dockerclient.UnixSocketClientProviderStrategy from ~/.testcontainers.properties, will try it first
2022-04-03 23:35:29.069  INFO 2814 --- [    Test worker] o.t.d.DockerClientProviderStrategy       : Found Docker environment with local Unix socket (unix:///var/run/docker.sock)
2022-04-03 23:35:29.074  INFO 2814 --- [    Test worker] org.testcontainers.DockerClientFactory   : Docker host IP address is localhost
2022-04-03 23:35:29.106  INFO 2814 --- [    Test worker] org.testcontainers.DockerClientFactory   : Connected to docker: 
  Server Version: 20.10.11
  API Version: 1.41
  Operating System: Docker Desktop
  Total Memory: 1988 MB
2022-04-03 23:35:29.107  INFO 2814 --- [    Test worker] o.t.utility.ImageNameSubstitutor         : Image name substitution will be performed by: DefaultImageNameSubstitutor (composite of 'ConfigurationFileImageNameSubstitutor' and 'PrefixingImageNameSubstitutor')
2022-04-03 23:35:29.231  INFO 2814 --- [    Test worker] o.t.utility.RegistryAuthLocator          : Credential helper/store (docker-credential-desktop) does not have credentials for index.docker.io
2022-04-03 23:35:29.691  INFO 2814 --- [    Test worker] org.testcontainers.DockerClientFactory   : Ryuk started - will monitor and terminate Testcontainers containers on JVM exit
2022-04-03 23:35:29.691  INFO 2814 --- [    Test worker] org.testcontainers.DockerClientFactory   : Checking the system...
2022-04-03 23:35:29.691  INFO 2814 --- [    Test worker] org.testcontainers.DockerClientFactory   : ✔︎ Docker server version should be at least 1.6.0
2022-04-03 23:35:29.783  INFO 2814 --- [    Test worker] org.testcontainers.DockerClientFactory   : ✔︎ Docker environment should have more than 2GB free disk space
2022-04-03 23:35:29.790  INFO 2814 --- [    Test worker] ]]>&#x1f433;<![CDATA[ [localstack/localstack:0.13.0]        : HOSTNAME_EXTERNAL environment variable set to localhost (to match host-routable address for container)
2022-04-03 23:35:29.791  INFO 2814 --- [    Test worker] ]]>&#x1f433;<![CDATA[ [localstack/localstack:0.13.0]        : Creating container for image: localstack/localstack:0.13.0
2022-04-03 23:35:30.214  INFO 2814 --- [    Test worker] ]]>&#x1f433;<![CDATA[ [localstack/localstack:0.13.0]        : Starting container with ID: 30b8c728077b832ae2b1551f8cbca7f06cdb19d0d96c98dfb7210c9829fb259e
2022-04-03 23:35:30.415  INFO 2814 --- [    Test worker] ]]>&#x1f433;<![CDATA[ [localstack/localstack:0.13.0]        : Container localstack/localstack:0.13.0 is starting: 30b8c728077b832ae2b1551f8cbca7f06cdb19d0d96c98dfb7210c9829fb259e
2022-04-03 23:35:33.430  INFO 2814 --- [    Test worker] ]]>&#x1f433;<![CDATA[ [localstack/localstack:0.13.0]        : Container localstack/localstack:0.13.0 started in PT3.63835S
]]></system-out>
  <system-err><![CDATA[]]></system-err>
</testsuite>
